21 Dec 2016, 13:24:47.600 [   INFO] [   FXGL.SystemLogger] [JavaFX Application Thread] System Logger is initialized
21 Dec 2016, 13:24:47.612 [  FINER] [   FXGL.SystemLogger] [JavaFX Application Thread] Logging System Info
21 Dec 2016, 13:24:47.613 [  FINER] [   FXGL.SystemLogger] [JavaFX Application Thread] CPU cores: 8
21 Dec 2016, 13:24:47.614 [  FINER] [   FXGL.SystemLogger] [JavaFX Application Thread] Free Memory: 231MB
21 Dec 2016, 13:24:47.615 [  FINER] [   FXGL.SystemLogger] [JavaFX Application Thread] Max Memory: 3622MB
21 Dec 2016, 13:24:47.615 [  FINER] [   FXGL.SystemLogger] [JavaFX Application Thread] Total Memory: 246MB
21 Dec 2016, 13:24:47.616 [  FINER] [   FXGL.SystemLogger] [JavaFX Application Thread] System Properties:
21 Dec 2016, 13:24:47.617 [  FINER] [   FXGL.SystemLogger] [JavaFX Application Thread] sun.cpu.isalist=amd64
21 Dec 2016, 13:24:47.617 [  FINER] [   FXGL.SystemLogger] [JavaFX Application Thread] sun.desktop=windows
21 Dec 2016, 13:24:47.617 [  FINER] [   FXGL.SystemLogger] [JavaFX Application Thread] sun.io.unicode.encoding=UnicodeLittle
21 Dec 2016, 13:24:47.617 [  FINER] [   FXGL.SystemLogger] [JavaFX Application Thread] sun.cpu.endian=little
21 Dec 2016, 13:24:47.618 [  FINER] [   FXGL.SystemLogger] [JavaFX Application Thread] java.vendor.url.bug=http://bugreport.sun.com/bugreport/
21 Dec 2016, 13:24:47.618 [  FINER] [   FXGL.SystemLogger] [JavaFX Application Thread] file.separator=\
21 Dec 2016, 13:24:47.618 [  FINER] [   FXGL.SystemLogger] [JavaFX Application Thread] java.vendor=Oracle Corporation
21 Dec 2016, 13:24:47.618 [  FINER] [   FXGL.SystemLogger] [JavaFX Application Thread] sun.boot.class.path=C:\Program Files\Java\jdk1.8.0_74\jre\lib\resources.jar;C:\Program Files\Java\jdk1.8.0_74\jre\lib\rt.jar;C:\Program Files\Java\jdk1.8.0_74\jre\lib\sunrsasign.jar;C:\Program Files\Java\jdk1.8.0_74\jre\lib\jsse.jar;C:\Program Files\Java\jdk1.8.0_74\jre\lib\jce.jar;C:\Program Files\Java\jdk1.8.0_74\jre\lib\charsets.jar;C:\Program Files\Java\jdk1.8.0_74\jre\lib\jfr.jar;C:\Program Files\Java\jdk1.8.0_74\jre\classes
21 Dec 2016, 13:24:47.619 [  FINER] [   FXGL.SystemLogger] [JavaFX Application Thread] java.ext.dirs=C:\Program Files\Java\jdk1.8.0_74\jre\lib\ext;C:\WINDOWS\Sun\Java\lib\ext
21 Dec 2016, 13:24:47.619 [  FINER] [   FXGL.SystemLogger] [JavaFX Application Thread] java.version=1.8.0_74
21 Dec 2016, 13:24:47.620 [  FINER] [   FXGL.SystemLogger] [JavaFX Application Thread] java.vm.info=mixed mode
21 Dec 2016, 13:24:47.620 [  FINER] [   FXGL.SystemLogger] [JavaFX Application Thread] awt.toolkit=sun.awt.windows.WToolkit
21 Dec 2016, 13:24:47.620 [  FINER] [   FXGL.SystemLogger] [JavaFX Application Thread] user.language=en
21 Dec 2016, 13:24:47.621 [  FINER] [   FXGL.SystemLogger] [JavaFX Application Thread] java.specification.vendor=Oracle Corporation
21 Dec 2016, 13:24:47.621 [  FINER] [   FXGL.SystemLogger] [JavaFX Application Thread] sun.java.command=lunar_lander.Lunar_lander
21 Dec 2016, 13:24:47.621 [  FINER] [   FXGL.SystemLogger] [JavaFX Application Thread] java.home=C:\Program Files\Java\jdk1.8.0_74\jre
21 Dec 2016, 13:24:47.621 [  FINER] [   FXGL.SystemLogger] [JavaFX Application Thread] sun.arch.data.model=64
21 Dec 2016, 13:24:47.622 [  FINER] [   FXGL.SystemLogger] [JavaFX Application Thread] java.vm.specification.version=1.8
21 Dec 2016, 13:24:47.622 [  FINER] [   FXGL.SystemLogger] [JavaFX Application Thread] java.class.path=C:\Users\Mack\Desktop\FXGL-0.2.8-uber.jar;C:\Users\Mack\Documents\NetBeansProjects\lunar_lander\build\classes
21 Dec 2016, 13:24:47.622 [  FINER] [   FXGL.SystemLogger] [JavaFX Application Thread] user.name=Mack
21 Dec 2016, 13:24:47.622 [  FINER] [   FXGL.SystemLogger] [JavaFX Application Thread] file.encoding=UTF-8
21 Dec 2016, 13:24:47.623 [  FINER] [   FXGL.SystemLogger] [JavaFX Application Thread] java.specification.version=1.8
21 Dec 2016, 13:24:47.623 [  FINER] [   FXGL.SystemLogger] [JavaFX Application Thread] java.awt.printerjob=sun.awt.windows.WPrinterJob
21 Dec 2016, 13:24:47.623 [  FINER] [   FXGL.SystemLogger] [JavaFX Application Thread] user.timezone=America/New_York
21 Dec 2016, 13:24:47.623 [  FINER] [   FXGL.SystemLogger] [JavaFX Application Thread] user.home=C:\Users\Mack
21 Dec 2016, 13:24:47.624 [  FINER] [   FXGL.SystemLogger] [JavaFX Application Thread] os.version=6.3
21 Dec 2016, 13:24:47.624 [  FINER] [   FXGL.SystemLogger] [JavaFX Application Thread] sun.management.compiler=HotSpot 64-Bit Tiered Compilers
21 Dec 2016, 13:24:47.624 [  FINER] [   FXGL.SystemLogger] [JavaFX Application Thread] java.specification.name=Java Platform API Specification
21 Dec 2016, 13:24:47.624 [  FINER] [   FXGL.SystemLogger] [JavaFX Application Thread] java.class.version=52.0
21 Dec 2016, 13:24:47.625 [  FINER] [   FXGL.SystemLogger] [JavaFX Application Thread] java.library.path=C:\Program Files\Java\jdk1.8.0_74\bin;C:\WINDOWS\Sun\Java\bin;C:\WINDOWS\system32;C:\WINDOWS;C:\ProgramData\Oracle\Java\javapath;C:\Program Files (x86)\Intel\iCLS Client\;C:\Program Files\Intel\iCLS Client\;C:\WINDOWS\system32;C:\WINDOWS;C:\WINDOWS\System32\Wbem;C:\WINDOWS\System32\WindowsPowerShell\v1.0\;C:\Program Files\Intel\Intel(R) Management Engine Components\DAL;C:\Program Files\Intel\Intel(R) Management Engine Components\IPT;C:\Program Files (x86)\Intel\Intel(R) Management Engine Components\DAL;C:\Program Files (x86)\Intel\Intel(R) Management Engine Components\IPT;C:\Program Files (x86)\Intel\OpenCL SDK\3.0\bin\x86;C:\Program Files (x86)\Intel\OpenCL SDK\3.0\bin\x64;C:\Program Files (x86)\Skype\Phone\;C:\Program Files (x86)\NVIDIA Corporation\PhysX\Common;%SystemRoot%\system32;%SystemRoot%;%SystemRoot%\System32\Wbem;%SYSTEMROOT%\System32\WindowsPowerShell\v1.0\;.
21 Dec 2016, 13:24:47.625 [  FINER] [   FXGL.SystemLogger] [JavaFX Application Thread] sun.jnu.encoding=Cp1252
21 Dec 2016, 13:24:47.625 [  FINER] [   FXGL.SystemLogger] [JavaFX Application Thread] os.name=Windows 8.1
21 Dec 2016, 13:24:47.625 [  FINER] [   FXGL.SystemLogger] [JavaFX Application Thread] user.variant=
21 Dec 2016, 13:24:47.625 [  FINER] [   FXGL.SystemLogger] [JavaFX Application Thread] java.vm.specification.vendor=Oracle Corporation
21 Dec 2016, 13:24:47.626 [  FINER] [   FXGL.SystemLogger] [JavaFX Application Thread] java.io.tmpdir=C:\Users\Mack\AppData\Local\Temp\
21 Dec 2016, 13:24:47.626 [  FINER] [   FXGL.SystemLogger] [JavaFX Application Thread] line.separator=

21 Dec 2016, 13:24:47.626 [  FINER] [   FXGL.SystemLogger] [JavaFX Application Thread] java.endorsed.dirs=C:\Program Files\Java\jdk1.8.0_74\jre\lib\endorsed
21 Dec 2016, 13:24:47.626 [  FINER] [   FXGL.SystemLogger] [JavaFX Application Thread] os.arch=amd64
21 Dec 2016, 13:24:47.627 [  FINER] [   FXGL.SystemLogger] [JavaFX Application Thread] javafx.runtime.version=8.0.72-b15
21 Dec 2016, 13:24:47.627 [  FINER] [   FXGL.SystemLogger] [JavaFX Application Thread] java.awt.graphicsenv=sun.awt.Win32GraphicsEnvironment
21 Dec 2016, 13:24:47.627 [  FINER] [   FXGL.SystemLogger] [JavaFX Application Thread] java.runtime.version=1.8.0_74-b02
21 Dec 2016, 13:24:47.627 [  FINER] [   FXGL.SystemLogger] [JavaFX Application Thread] java.vm.specification.name=Java Virtual Machine Specification
21 Dec 2016, 13:24:47.628 [  FINER] [   FXGL.SystemLogger] [JavaFX Application Thread] user.dir=C:\Users\Mack\Documents\NetBeansProjects\lunar_lander
21 Dec 2016, 13:24:47.628 [  FINER] [   FXGL.SystemLogger] [JavaFX Application Thread] user.country=CA
21 Dec 2016, 13:24:47.628 [  FINER] [   FXGL.SystemLogger] [JavaFX Application Thread] user.script=
21 Dec 2016, 13:24:47.628 [  FINER] [   FXGL.SystemLogger] [JavaFX Application Thread] sun.java.launcher=SUN_STANDARD
21 Dec 2016, 13:24:47.628 [  FINER] [   FXGL.SystemLogger] [JavaFX Application Thread] sun.os.patch.level=
21 Dec 2016, 13:24:47.629 [  FINER] [   FXGL.SystemLogger] [JavaFX Application Thread] java.vm.name=Java HotSpot(TM) 64-Bit Server VM
21 Dec 2016, 13:24:47.629 [  FINER] [   FXGL.SystemLogger] [JavaFX Application Thread] file.encoding.pkg=sun.io
21 Dec 2016, 13:24:47.629 [  FINER] [   FXGL.SystemLogger] [JavaFX Application Thread] path.separator=;
21 Dec 2016, 13:24:47.629 [  FINER] [   FXGL.SystemLogger] [JavaFX Application Thread] java.vm.vendor=Oracle Corporation
21 Dec 2016, 13:24:47.630 [  FINER] [   FXGL.SystemLogger] [JavaFX Application Thread] java.vendor.url=http://java.oracle.com/
21 Dec 2016, 13:24:47.630 [  FINER] [   FXGL.SystemLogger] [JavaFX Application Thread] sun.boot.library.path=C:\Program Files\Java\jdk1.8.0_74\jre\bin
21 Dec 2016, 13:24:47.630 [  FINER] [   FXGL.SystemLogger] [JavaFX Application Thread] java.vm.version=25.74-b02
21 Dec 2016, 13:24:47.630 [  FINER] [   FXGL.SystemLogger] [JavaFX Application Thread] java.runtime.name=Java(TM) SE Runtime Environment
21 Dec 2016, 13:24:47.631 [  FINER] [   FXGL.SystemLogger] [JavaFX Application Thread] javafx.version=8.0.72
21 Dec 2016, 13:24:47.634 [   INFO] [   FXGL.SystemLogger] [JavaFX Application Thread] FXGL-0.2.8
21 Dec 2016, 13:24:47.635 [   INFO] [   FXGL.SystemLogger] [JavaFX Application Thread] Source code and latest versions at: https://github.com/AlmasB/FXGL
21 Dec 2016, 13:24:47.635 [   INFO] [   FXGL.SystemLogger] [JavaFX Application Thread]              Join the FXGL chat at: https://gitter.im/AlmasB/FXGL
21 Dec 2016, 13:24:47.643 [  FINER] [   FXGL.SystemLogger] [JavaFX Application Thread] Starting JavaFX
21 Dec 2016, 13:24:47.650 [  FINER] [   FXGL.SystemLogger] [          JavaFX-Launcher] Initializing FXGL
21 Dec 2016, 13:24:47.662 [  FINER] [   FXGL.SystemLogger] [JavaFX Application Thread] Starting FXGL
21 Dec 2016, 13:24:47.894 [  FINER] [   FXGL.SystemLogger] [     FXGL Launcher Thread] Configuring FXGL
21 Dec 2016, 13:24:47.895 [  FINER] [   FXGL.SystemLogger] [     FXGL Launcher Thread] Initializing system properties
21 Dec 2016, 13:24:47.920 [  FINER] [   FXGL.SystemLogger] [     FXGL Launcher Thread] sound.notification = system/notification.wav
21 Dec 2016, 13:24:47.921 [  FINER] [   FXGL.SystemLogger] [     FXGL Launcher Thread] url.storage = https://raw.githubusercontent.com/AlmasB/git-server/master/storage/
21 Dec 2016, 13:24:47.921 [  FINER] [   FXGL.SystemLogger] [     FXGL Launcher Thread] asset.cache.size = 35
21 Dec 2016, 13:24:47.921 [  FINER] [   FXGL.SystemLogger] [     FXGL Launcher Thread] fs.profiledir = profiles/
21 Dec 2016, 13:24:47.922 [  FINER] [   FXGL.SystemLogger] [     FXGL Launcher Thread] url.pom = https://raw.githubusercontent.com/AlmasB/FXGL/master/pom.xml
21 Dec 2016, 13:24:47.922 [  FINER] [   FXGL.SystemLogger] [     FXGL Launcher Thread] fs.datafile.ext = .dat
21 Dec 2016, 13:24:47.922 [  FINER] [   FXGL.SystemLogger] [     FXGL Launcher Thread] sound.menu.back = menu/back.wav
21 Dec 2016, 13:24:47.922 [  FINER] [   FXGL.SystemLogger] [     FXGL Launcher Thread] sound.menu.select = menu/select.wav
21 Dec 2016, 13:24:47.923 [  FINER] [   FXGL.SystemLogger] [     FXGL Launcher Thread] url.github = https://github.com/AlmasB/FXGL
21 Dec 2016, 13:24:47.923 [  FINER] [   FXGL.SystemLogger] [     FXGL Launcher Thread] physics.ppm = 50.0
21 Dec 2016, 13:24:47.923 [  FINER] [   FXGL.SystemLogger] [     FXGL Launcher Thread] ui.css = fxgl.css
21 Dec 2016, 13:24:47.923 [  FINER] [   FXGL.SystemLogger] [     FXGL Launcher Thread] version.check.days = 7
21 Dec 2016, 13:24:47.924 [  FINER] [   FXGL.SystemLogger] [     FXGL Launcher Thread] fs.savefile.ext = .sav
21 Dec 2016, 13:24:47.924 [  FINER] [   FXGL.SystemLogger] [     FXGL Launcher Thread] pooling.initialSize = 128
21 Dec 2016, 13:24:47.924 [  FINER] [   FXGL.SystemLogger] [     FXGL Launcher Thread] ui.font = Copperplate_Gothic_Light_Regular.ttf
21 Dec 2016, 13:24:47.925 [  FINER] [   FXGL.SystemLogger] [     FXGL Launcher Thread] fs.savedir = saves/
21 Dec 2016, 13:24:47.925 [  FINER] [   FXGL.SystemLogger] [     FXGL Launcher Thread] fs.profilename = user.profile
21 Dec 2016, 13:24:47.925 [  FINER] [   FXGL.SystemLogger] [     FXGL Launcher Thread] ui.icon.name = fxgl_icon.png
21 Dec 2016, 13:24:47.925 [  FINER] [   FXGL.SystemLogger] [     FXGL Launcher Thread] sound.menu.press = menu/press.wav
21 Dec 2016, 13:24:47.925 [  FINER] [   FXGL.SystemLogger] [     FXGL Launcher Thread] Initializing user properties
21 Dec 2016, 13:24:47.926 [   INFO] [   FXGL.SystemLogger] [     FXGL Launcher Thread] User properties not found. Using system
21 Dec 2016, 13:24:47.926 [  FINER] [   FXGL.SystemLogger] [     FXGL Launcher Thread] Initializing app settings
21 Dec 2016, 13:24:47.936 [  FINER] [   FXGL.SystemLogger] [     FXGL Launcher Thread] Logging settings
Title: Lunar Lander HD
Version: 0.2
Width: 1000
Height: 800
Fullscreen: false
Intro: false
Menus: false
Profiling: true
App Mode: DEVELOPER
Menu Style: FXGL_DEFAULT
Menu Key: ESCAPE
Services: []
21 Dec 2016, 13:24:48.618 [  FINER] [   FXGL.SystemLogger] [     FXGL Launcher Thread] FXGL configuration complete
21 Dec 2016, 13:24:48.619 [   INFO] [   FXGL.SystemLogger] [     FXGL Launcher Thread] FXGL configuration took:  0.723 sec
21 Dec 2016, 13:24:48.623 [  FINER] [   FXGL.SystemLogger] [JavaFX Application Thread] Running task: UpdaterTask
21 Dec 2016, 13:24:48.626 [  FINER] [   FXGL.SystemLogger] [     FXGL Launcher Thread] Running task: PreInitTask
21 Dec 2016, 13:24:48.699 [  FINER] [   FXGL.SystemLogger] [     FXGL Launcher Thread] Running task: InitScenesTask
21 Dec 2016, 13:24:48.919 [  FINER] [   FXGL.SystemLogger] [     FXGL Launcher Thread] Running task: InitEventHandlersTask
21 Dec 2016, 13:24:48.956 [  FINER] [   FXGL.SystemLogger] [     FXGL Launcher Thread] Running task: InitProfilerTask
21 Dec 2016, 13:24:48.961 [  FINER] [   FXGL.SystemLogger] [     FXGL Launcher Thread] Pausing main loop
21 Dec 2016, 13:24:48.964 [  FINER] [   FXGL.SystemLogger] [     FXGL Launcher Thread] Resetting FXGL application
21 Dec 2016, 13:24:49.068 [   INFO] [   FXGL.SystemLogger] [     FXGL Launcher Thread] Game configuration took:  0.443 sec
21 Dec 2016, 13:24:49.123 [   INFO] [   FXGL.SystemLogger] [ FXGL Background Thread 1] Game initialization took: 0.054 sec
21 Dec 2016, 13:24:49.208 [  FINER] [   FXGL.SystemLogger] [JavaFX Application Thread] Resuming main loop
21 Dec 2016, 13:25:44.221 [  FINER] [   FXGL.SystemLogger] [JavaFX Application Thread] Exiting Normally
21 Dec 2016, 13:25:44.222 [   INFO] [   FXGL.SystemLogger] [JavaFX Application Thread] Processed Frames: 3039
21 Dec 2016, 13:25:44.223 [   INFO] [   FXGL.SystemLogger] [JavaFX Application Thread] Average FPS: 61
21 Dec 2016, 13:25:44.223 [   INFO] [   FXGL.SystemLogger] [JavaFX Application Thread] Avg Performance: 3437
21 Dec 2016, 13:25:44.223 [   INFO] [   FXGL.SystemLogger] [JavaFX Application Thread] Avg Memory Usage: 49 MB
21 Dec 2016, 13:25:44.224 [   INFO] [   FXGL.SystemLogger] [JavaFX Application Thread] Min Memory Usage: 17 MB
21 Dec 2016, 13:25:44.224 [   INFO] [   FXGL.SystemLogger] [JavaFX Application Thread] Max Memory Usage: 88 MB
21 Dec 2016, 13:25:44.224 [   INFO] [   FXGL.SystemLogger] [JavaFX Application Thread] Estimated GC runs: 3
21 Dec 2016, 13:25:44.234 [  FINER] [   FXGL.SystemLogger] [JavaFX Application Thread] Exiting FXGL
21 Dec 2016, 13:25:44.234 [  FINER] [   FXGL.SystemLogger] [JavaFX Application Thread] Logger is closing
